
synthesis -f "Semafor_complet_impl1_lattice.synproj"
synthesis:  version Diamond (64-bit) 3.13.0.56.2

Copyright (c) 1991-1994 by NeoCAD Inc. All rights reserved.
Copyright (c) 1995 AT&T Corp.   All rights reserved.
Copyright (c) 1995-2001 Lucent Technologies Inc.  All rights reserved.
Copyright (c) 2001 Agere Systems   All rights reserved.
Copyright (c) 2002-2023 Lattice Semiconductor Corporation,  All rights reserved.
Wed Jan 15 18:48:01 2025


Command Line:  synthesis -f Semafor_complet_impl1_lattice.synproj -gui -msgset C:/Proiect ED/FPGA Semafor_complet/promote.xml 

    <postMsg mid="35002000" type="Info"    dynamic="0" navigation="0"  />
Synthesis options:
The -a option is MachXO3LF.
The -s option is 6.
The -t option is CABGA256.
The -d option is LCMXO3LF-6900C.
Using package CABGA256.
Using performance grade 6.
                                                          

##########################################################

### Lattice Family : MachXO3LF

### Device  : LCMXO3LF-6900C

### Package : CABGA256

### Speed   : 6

##########################################################

                                                          

    <postMsg mid="35001781" type="Info"    dynamic="0" navigation="0"  />
Optimization goal = Balanced
The -top option is not used.
Target frequency = 200.000000 MHz.
Maximum fanout = 1000.
Timing path count = 3
BRAM utilization = 100.000000 %
DSP usage = true
DSP utilization = 100.000000 %
fsm_encoding_style = auto
resolve_mixed_drivers = 0
fix_gated_clocks = 1

Mux style = Auto
Use Carry Chain = true
carry_chain_length = 0
Loop Limit = 1950.
Use IO Insertion = TRUE
Use IO Reg = AUTO

Resource Sharing = TRUE
Propagate Constants = TRUE
Remove Duplicate Registers = TRUE
force_gsr = auto
ROM style = auto
RAM style = auto
The -comp option is FALSE.
The -syn option is FALSE.
-p C:/Proiect ED/FPGA Semafor_complet (searchpath added)
-p C:/lscc/diamond/3.13/ispfpga/xo3c00f/data (searchpath added)
-p C:/Proiect ED/FPGA Semafor_complet/impl1 (searchpath added)
-p C:/Proiect ED/FPGA Semafor_complet (searchpath added)
Verilog design file = C:/Proiect ED/FPGA Semafor_complet/impl1/source/Semafor_complet.v
NGD file = Semafor_complet_impl1.ngd
-sdc option: SDC file input not used.
-lpf option: Output file option is ON.
Hardtimer checking is enabled (default). The -dt option is not used.
The -r option is OFF. [ Remove LOC Properties is OFF. ]
    <postMsg mid="35001200" type="Warning" dynamic="1" navigation="0" arg0="semaforFPGA"  />
Technology check ok...

Analyzing Verilog file C:/lscc/diamond/3.13/ispfpga/userware/NT/SYNTHESIS_HEADERS/machxo3l.v. VERI-1482
Compile design.
Compile Design Begin
Analyzing Verilog file c:/proiect ed/fpga semafor_complet/impl1/source/semafor_complet.v. VERI-1482
Analyzing Verilog file C:/lscc/diamond/3.13/ispfpga/userware/NT/SYNTHESIS_HEADERS/machxo3l.v. VERI-1482
Top module name (Verilog): semaforFPGA
    <postMsg mid="35901018" type="Info"    dynamic="2" navigation="2" arg0="c:/proiect ed/fpga semafor_complet/impl1/source/semafor_complet.v(1): " arg1="semaforFPGA" arg2="c:/proiect ed/fpga semafor_complet/impl1/source/semafor_complet.v" arg3="1"  />
Last elaborated design is semaforFPGA()
Loading NGL library 'C:/lscc/diamond/3.13/ispfpga/xo2c00a/data/xo2alib.ngl'...
Loading NGL library 'C:/lscc/diamond/3.13/ispfpga/xo2c00/data/xo2clib.ngl'...
Loading NGL library 'C:/lscc/diamond/3.13/ispfpga/mg5g00/data/mg5glib.ngl'...
Loading NGL library 'C:/lscc/diamond/3.13/ispfpga/or5g00/data/orc5glib.ngl'...
Loading device for application map from file 'xo3c6900.nph' in environment: C:/lscc/diamond/3.13/ispfpga.
Package Status:                     Final          Version 1.17.
Top-level module name = semaforFPGA.



GSR instance connected to net rst_c.
Applying 200.000000 MHz constraint to all clocks

    <postMsg mid="35001611" type="Warning" dynamic="0" navigation="0"  />
Results of NGD DRC are available in semaforFPGA_drc.log.
Loading NGL library 'C:/lscc/diamond/3.13/ispfpga/xo2c00a/data/xo2alib.ngl'...
Loading NGL library 'C:/lscc/diamond/3.13/ispfpga/xo2c00/data/xo2clib.ngl'...
Loading NGL library 'C:/lscc/diamond/3.13/ispfpga/mg5g00/data/mg5glib.ngl'...
Loading NGL library 'C:/lscc/diamond/3.13/ispfpga/or5g00/data/orc5glib.ngl'...


Running DRC...

DRC complete with no errors or warnings

Design Results:
    154 blocks expanded
completed the first expansion
All blocks are expanded and NGD expansion is successful.
Writing NGD file Semafor_complet_impl1.ngd.

################### Begin Area Report (semaforFPGA)######################
Number of register bits => 43 of 7485 (0 % )
CCU2D => 13
FD1P3AY => 3
FD1P3IX => 7
FD1S3AX => 2
FD1S3IX => 31
GSR => 1
IB => 3
INV => 1
LUT4 => 48
OB => 42
################### End Area Report ##################

################### Begin BlackBox Report ######################
TSALL => 1
################### End BlackBox Report ##################

################### Begin Clock Report ######################
Clock Nets
Number of Clocks: 2
  Net : clk_c, loads : 25
  Net : puls_c, loads : 3
Clock Enable Nets
Number of Clock Enables: 6
Top 6 highest fanout Clock Enables:
  Net : puls_N_34_enable_10, loads : 10
  Net : puls_N_34_enable_3, loads : 1
  Net : puls_N_34_enable_4, loads : 1
  Net : puls_N_34_enable_5, loads : 1
  Net : puls_N_34_enable_1, loads : 1
  Net : puls_N_34_enable_2, loads : 1
Highest fanout non-clock nets
Top 10 highest fanout non-clock nets:
  Net : n697, loads : 24
  Net : puls_N_34, loads : 18
  Net : n258, loads : 14
  Net : timp_c_0, loads : 10
  Net : puls_N_34_enable_10, loads : 10
  Net : timp_c_1, loads : 9
  Net : timp_buton_c_0, loads : 9
  Net : timp_c_2, loads : 8
  Net : timp_c_3, loads : 7
  Net : timp_buton_c_2, loads : 7
################### End Clock Report ##################

Timing Report Summary
--------------
--------------------------------------------------------------------------------
Constraint                              |   Constraint|       Actual|Levels
--------------------------------------------------------------------------------
                                        |             |             |
create_clock -period 5.000000 -name     |             |             |
clk1 [get_nets clk_c]                   |  200.000 MHz|  154.991 MHz|     5 *
                                        |             |             |
create_clock -period 5.000000 -name     |             |             |
clk0 [get_nets puls_c]                  |  200.000 MHz|  125.676 MHz|     6 *
                                        |             |             |
--------------------------------------------------------------------------------


2 constraints not met.


Peak Memory Usage: 60.512  MB

--------------------------------------------------------------
Elapsed CPU time for LSE flow : 0.281  secs
--------------------------------------------------------------

map -a "MachXO3LF" -p LCMXO3LF-6900C -t CABGA256 -s 6 -oc Industrial   "Semafor_complet_impl1.ngd" -o "Semafor_complet_impl1_map.ncd" -pr "Semafor_complet_impl1.prf" -mp "Semafor_complet_impl1.mrp" -lpf "C:/Proiect ED/FPGA Semafor_complet/impl1/Semafor_complet_impl1.lpf" -lpf "C:/Proiect ED/FPGA Semafor_complet/Semafor_complet.lpf"  -c 0           
map:  version Diamond (64-bit) 3.13.0.56.2

Copyright (c) 1991-1994 by NeoCAD Inc. All rights reserved.
Copyright (c) 1995 AT&T Corp.   All rights reserved.
Copyright (c) 1995-2001 Lucent Technologies Inc.  All rights reserved.
Copyright (c) 2001 Agere Systems   All rights reserved.
Copyright (c) 2002-2023 Lattice Semiconductor Corporation,  All rights reserved.
   Process the file: Semafor_complet_impl1.ngd
   Picdevice="LCMXO3LF-6900C"

   Pictype="CABGA256"

   Picspeed=6

   Remove unused logic

   Do not produce over sized NCDs.

Part used: LCMXO3LF-6900CCABGA256, Performance used: 6.

 Loading device for application map from file 'xo3c6900.nph' in environment: C:/lscc/diamond/3.13/ispfpga.
Package Status:                     Final          Version 1.17.

Running general design DRC...

Removing unused logic...

Optimizing...




Design Summary:
   Number of registers:     43 out of  7485 (1%)
      PFU registers:           43 out of  6864 (1%)
      PIO registers:            0 out of   621 (0%)
   Number of SLICEs:        38 out of  3432 (1%)
      SLICEs as Logic/ROM:     38 out of  3432 (1%)
      SLICEs as RAM:            0 out of  2574 (0%)
      SLICEs as Carry:         13 out of  3432 (0%)
   Number of LUT4s:         75 out of  6864 (1%)
      Number used as logic LUTs:         49
      Number used as distributed RAM:     0
      Number used as ripple logic:       26
      Number used as shift registers:     0
   Number of PIO sites used: 45 + 4(JTAG) out of 207 (24%)
   Number of block RAMs:  0 out of 26 (0%)
   Number of GSRs:        1 out of 1 (100%)
   EFB used :        No
   JTAG used :       No
   Readback used :   No
   Oscillator used : No
   Startup used :    No
   POR :             On
   Bandgap :         On
   Number of Power Controller:  0 out of 1 (0%)
   Number of Dynamic Bank Controller (BCINRD):  0 out of 6 (0%)
   Number of Dynamic Bank Controller (BCLVDSO):  0 out of 1 (0%)
   Number of DCCA:  0 out of 8 (0%)
   Number of DCMA:  0 out of 2 (0%)
   Number of PLLs:  0 out of 2 (0%)
   Number of DQSDLLs:  0 out of 2 (0%)
   Number of CLKDIVC:  0 out of 4 (0%)
   Number of ECLKSYNCA:  0 out of 4 (0%)
   Number of ECLKBRIDGECS:  0 out of 2 (0%)
   Notes:-
      1. Total number of LUT4s = (Number of logic LUT4s) + 2*(Number of distributed RAMs) + 2*(Number of ripple logic)
      2. Number of logic LUT4s does not include count of distributed RAM and ripple logic.
   Number of clocks:  2
     Net clk_c: 14 loads, 14 rising, 0 falling (Driver: PIO clk )
     Net puls_c: 13 loads, 0 rising, 13 falling (Driver: puls_61 )
   Number of Clock Enables:  6
     Net puls_N_34_enable_1: 1 loads, 1 LSLICEs
     Net puls_N_34_enable_2: 1 loads, 1 LSLICEs
     Net puls_N_34_enable_3: 1 loads, 1 LSLICEs
     Net puls_N_34_enable_4: 1 loads, 1 LSLICEs
     Net puls_N_34_enable_5: 1 loads, 1 LSLICEs
     Net puls_N_34_enable_10: 3 loads, 3 LSLICEs
   Number of LSRs:  2
     Net n258: 9 loads, 9 LSLICEs
     Net n697: 13 loads, 13 LSLICEs
   Number of nets driven by tri-state buffers:  0
   Top 10 highest fanout non-clock nets:
     Net n697: 13 loads
     Net timp_c_0: 10 loads
     Net n258: 9 loads
     Net timp_buton_c_0: 9 loads
     Net timp_c_1: 9 loads
     Net puls_N_34_enable_10: 8 loads
     Net timp_c_2: 8 loads
     Net timp_buton_c_1: 7 loads
     Net timp_buton_c_2: 7 loads
     Net timp_c_3: 7 loads
 

   Number of warnings:  0
   Number of errors:    0



Total CPU Time: 0 secs  
Total REAL Time: 0 secs  
Peak Memory Usage: 60 MB

Dumping design to file Semafor_complet_impl1_map.ncd.

ncd2vdb "Semafor_complet_impl1_map.ncd" ".vdbs/Semafor_complet_impl1_map.vdb"

Loading device for application ncd2vdb from file 'xo3c6900.nph' in environment: C:/lscc/diamond/3.13/ispfpga.

mpartrce -p "Semafor_complet_impl1.p2t" -f "Semafor_complet_impl1.p3t" -tf "Semafor_complet_impl1.pt" "Semafor_complet_impl1_map.ncd" "Semafor_complet_impl1.ncd"

---- MParTrce Tool ----
Removing old design directory at request of -rem command line option to this program.
Running par. Please wait . . .

Lattice Place and Route Report for Design "Semafor_complet_impl1_map.ncd"
Wed Jan 15 18:48:02 2025

PAR: Place And Route Diamond (64-bit) 3.13.0.56.2.
Command Line: par -w -l 5 -i 6 -t 1 -c 0 -e 0 -gui -msgset "C:/Proiect ED/FPGA Semafor_complet/promote.xml" -exp parUseNBR=1:parCDP=0:parCDR=0:parPathBased=OFF:parASE=1 Semafor_complet_impl1_map.ncd Semafor_complet_impl1.dir/5_1.ncd Semafor_complet_impl1.prf
Preference file: Semafor_complet_impl1.prf.
Placement level-cost: 5-1.
Routing Iterations: 6

Loading design for application par from file Semafor_complet_impl1_map.ncd.
Design name: semaforFPGA
NCD version: 3.3
Vendor:      LATTICE
Device:      LCMXO3LF-6900C
Package:     CABGA256
Performance: 6
Loading device for application par from file 'xo3c6900.nph' in environment: C:/lscc/diamond/3.13/ispfpga.
Package Status:                     Final          Version 1.17.
Performance Hardware Data Status:   Final          Version 37.5.
License checked out.


Ignore Preference Error(s):  True
Device utilization summary:

   PIO (prelim)   45+4(JTAG)/336     15% used
                  45+4(JTAG)/207     24% bonded

   SLICE             38/3432          1% used

   GSR                1/1           100% used


Number of Signals: 131
Number of Connections: 345

Pin Constraint Summary:
   9 out of 45 pins locked (20% locked).

The following 2 signals are selected to use the primary clock routing resources:
    clk_c (driver: clk, clk load #: 14)
    puls_c (driver: SLICE_15, clk load #: 13)


The following 1 signal is selected to use the secondary clock routing resources:
    n697 (driver: SLICE_34, clk load #: 0, sr load #: 13, ce load #: 0)

Signal rst_c is selected as Global Set/Reset.
.
Starting Placer Phase 0.
...........
Finished Placer Phase 0.  REAL time: 0 secs 

Starting Placer Phase 1.
....................
Placer score = 32033.
Finished Placer Phase 1.  REAL time: 7 secs 

Starting Placer Phase 2.
.
Placer score =  31781
Finished Placer Phase 2.  REAL time: 7 secs 


------------------ Clock Report ------------------

Global Clock Resources:
  CLK_PIN    : 1 out of 8 (12%)
  PLL        : 0 out of 2 (0%)
  DCM        : 0 out of 2 (0%)
  DCC        : 0 out of 8 (0%)

Global Clocks:
  PRIMARY "clk_c" from comp "clk" on CLK_PIN site "C8 (PT18A)", clk load = 14
  PRIMARY "puls_c" from Q0 on comp "SLICE_15" on site "R2C19B", clk load = 13
  SECONDARY "n697" from F0 on comp "SLICE_34" on site "R21C18B", clk load = 0, ce load = 0, sr load = 13

  PRIMARY  : 2 out of 8 (25%)
  SECONDARY: 1 out of 8 (12%)

Edge Clocks:
  No edge clock selected.

--------------- End of Clock Report ---------------


I/O Usage Summary (final):
   45 + 4(JTAG) out of 336 (14.6%) PIO sites used.
   45 + 4(JTAG) out of 207 (23.7%) bonded PIO sites used.
   Number of PIO comps: 45; differential: 0.
   Number of Vref pins used: 0.

I/O Bank Usage Summary:
+----------+----------------+------------+-----------+
| I/O Bank | Usage          | Bank Vccio | Bank Vref |
+----------+----------------+------------+-----------+
| 0        | 2 / 51 (  3%)  | 3.3V       | -         |
| 1        | 6 / 52 ( 11%)  | 3.3V       | -         |
| 2        | 36 / 52 ( 69%) | 2.5V       | -         |
| 3        | 1 / 16 (  6%)  | 3.3V       | -         |
| 4        | 0 / 16 (  0%)  | -          | -         |
| 5        | 0 / 20 (  0%)  | -          | -         |
+----------+----------------+------------+-----------+

Total placer CPU time: 7 secs 

Dumping design to file Semafor_complet_impl1.dir/5_1.ncd.

0 connections routed; 345 unrouted.
Starting router resource preassignment

Completed router resource preassignment. Real time: 8 secs 

Start NBR router at 18:48:10 01/15/25

*****************************************************************
Info: NBR allows conflicts(one node used by more than one signal)
      in the earlier iterations. In each iteration, it tries to  
      solve the conflicts while keeping the critical connections 
      routed as short as possible. The routing process is said to
      be completed when no conflicts exist and all connections   
      are routed.                                                
Note: NBR uses a different method to calculate timing slacks. The
      worst slack and total negative slack may not be the same as
      that in TRCE report. You should always run TRCE to verify  
      your design.                                               
*****************************************************************

Start NBR special constraint process at 18:48:10 01/15/25

Start NBR section for initial routing at 18:48:10 01/15/25
Level 4, iteration 1
5(0.00%) conflicts; 0(0.00%) untouched conn; 0 (nbr) score; 
Estimated worst slack/total negative slack<setup>: 74.574ns/0.000ns; real time: 8 secs 

Info: Initial congestion level at 75% usage is 0
Info: Initial congestion area  at 75% usage is 0 (0.00%)

Start NBR section for normal routing at 18:48:10 01/15/25
Level 4, iteration 1
4(0.00%) conflicts; 0(0.00%) untouched conn; 0 (nbr) score; 
Estimated worst slack/total negative slack<setup>: 74.574ns/0.000ns; real time: 8 secs 
Level 4, iteration 2
1(0.00%) conflict; 0(0.00%) untouched conn; 0 (nbr) score; 
Estimated worst slack/total negative slack<setup>: 74.574ns/0.000ns; real time: 8 secs 
Level 4, iteration 3
1(0.00%) conflict; 0(0.00%) untouched conn; 0 (nbr) score; 
Estimated worst slack/total negative slack<setup>: 74.574ns/0.000ns; real time: 8 secs 
Level 4, iteration 4
0(0.00%) conflict; 0(0.00%) untouched conn; 0 (nbr) score; 
Estimated worst slack/total negative slack<setup>: 74.574ns/0.000ns; real time: 8 secs 

Start NBR section for setup/hold timing optimization with effort level 3 at 18:48:10 01/15/25

Start NBR section for re-routing at 18:48:10 01/15/25
Level 4, iteration 1
0(0.00%) conflict; 0(0.00%) untouched conn; 0 (nbr) score; 
Estimated worst slack/total negative slack<setup>: 74.574ns/0.000ns; real time: 8 secs 

Start NBR section for post-routing at 18:48:10 01/15/25

End NBR router with 0 unrouted connection

NBR Summary
-----------
  Number of unrouted connections : 0 (0.00%)
  Number of connections with timing violations : 0 (0.00%)
  Estimated worst slack<setup> : 74.574ns
  Timing score<setup> : 0
-----------
Notes: The timing info is calculated for SETUP only and all PAR_ADJs are ignored.



Total CPU time 8 secs 
Total REAL time: 8 secs 
Completely routed.
End of route.  345 routed (100.00%); 0 unrouted.

Hold time timing score: 0, hold timing errors: 0

Timing score: 0 

Dumping design to file Semafor_complet_impl1.dir/5_1.ncd.


PAR_SUMMARY::Run status = Completed
PAR_SUMMARY::Number of unrouted conns = 0
PAR_SUMMARY::Worst  slack<setup/<ns>> = 74.574
PAR_SUMMARY::Timing score<setup/<ns>> = 0.000
PAR_SUMMARY::Worst  slack<hold /<ns>> = 0.372
PAR_SUMMARY::Timing score<hold /<ns>> = 0.000
PAR_SUMMARY::Number of errors = 0

Total CPU  time to completion: 8 secs 
Total REAL time to completion: 8 secs 

par done!

Note: user must run 'Trace' for timing closure signoff.

Copyright (c) 1991-1994 by NeoCAD Inc. All rights reserved.
Copyright (c) 1995 AT&T Corp.   All rights reserved.
Copyright (c) 1995-2001 Lucent Technologies Inc.  All rights reserved.
Copyright (c) 2001 Agere Systems   All rights reserved.
Copyright (c) 2002-2023 Lattice Semiconductor Corporation,  All rights reserved.
Exiting par with exit code 0
Exiting mpartrce with exit code 0

trce -f "Semafor_complet_impl1.pt" -o "Semafor_complet_impl1.twr" "Semafor_complet_impl1.ncd" "Semafor_complet_impl1.prf"
trce:  version Diamond (64-bit) 3.13.0.56.2

Copyright (c) 1991-1994 by NeoCAD Inc. All rights reserved.
Copyright (c) 1995 AT&T Corp.   All rights reserved.
Copyright (c) 1995-2001 Lucent Technologies Inc.  All rights reserved.
Copyright (c) 2001 Agere Systems   All rights reserved.
Copyright (c) 2002-2023 Lattice Semiconductor Corporation,  All rights reserved.

Loading design for application trce from file semafor_complet_impl1.ncd.
Design name: semaforFPGA
NCD version: 3.3
Vendor:      LATTICE
Device:      LCMXO3LF-6900C
Package:     CABGA256
Performance: 6
Loading device for application trce from file 'xo3c6900.nph' in environment: C:/lscc/diamond/3.13/ispfpga.
Package Status:                     Final          Version 1.17.
Performance Hardware Data Status:   Final          Version 37.5.
Setup and Hold Report

--------------------------------------------------------------------------------
Lattice TRACE Report - Setup, Version Diamond (64-bit) 3.13.0.56.2
Wed Jan 15 18:48:10 2025

Copyright (c) 1991-1994 by NeoCAD Inc. All rights reserved.
Copyright (c) 1995 AT&T Corp.   All rights reserved.
Copyright (c) 1995-2001 Lucent Technologies Inc.  All rights reserved.
Copyright (c) 2001 Agere Systems   All rights reserved.
Copyright (c) 2002-2023 Lattice Semiconductor Corporation,  All rights reserved.

Report Information
------------------
Command line:    trce -v 10 -gt -sethld -sp 6 -sphld m -o Semafor_complet_impl1.twr -gui -msgset C:/Proiect ED/FPGA Semafor_complet/promote.xml Semafor_complet_impl1.ncd Semafor_complet_impl1.prf 
Design file:     semafor_complet_impl1.ncd
Preference file: semafor_complet_impl1.prf
Device,speed:    LCMXO3LF-6900C,6
Report level:    verbose report, limited to 10 items per preference
--------------------------------------------------------------------------------

BLOCK ASYNCPATHS
BLOCK RESETPATHS
--------------------------------------------------------------------------------



Timing summary (Setup):
---------------

Timing errors: 0  Score: 0
Cumulative negative slack: 0

Constraints cover 1351 paths, 2 nets, and 300 connections (86.96% coverage)

--------------------------------------------------------------------------------
Lattice TRACE Report - Hold, Version Diamond (64-bit) 3.13.0.56.2
Wed Jan 15 18:48:10 2025

Copyright (c) 1991-1994 by NeoCAD Inc. All rights reserved.
Copyright (c) 1995 AT&T Corp.   All rights reserved.
Copyright (c) 1995-2001 Lucent Technologies Inc.  All rights reserved.
Copyright (c) 2001 Agere Systems   All rights reserved.
Copyright (c) 2002-2023 Lattice Semiconductor Corporation,  All rights reserved.

Report Information
------------------
Command line:    trce -v 10 -gt -sethld -sp 6 -sphld m -o Semafor_complet_impl1.twr -gui -msgset C:/Proiect ED/FPGA Semafor_complet/promote.xml Semafor_complet_impl1.ncd Semafor_complet_impl1.prf 
Design file:     semafor_complet_impl1.ncd
Preference file: semafor_complet_impl1.prf
Device,speed:    LCMXO3LF-6900C,m
Report level:    verbose report, limited to 10 items per preference
--------------------------------------------------------------------------------

BLOCK ASYNCPATHS
BLOCK RESETPATHS
--------------------------------------------------------------------------------



Timing summary (Hold):
---------------

Timing errors: 0  Score: 0
Cumulative negative slack: 0

Constraints cover 1351 paths, 2 nets, and 300 connections (86.96% coverage)



Timing summary (Setup and Hold):
---------------

Timing errors: 0 (setup), 0 (hold)
Score: 0 (setup), 0 (hold)
Cumulative negative slack: 0 (0+0)
--------------------------------------------------------------------------------

--------------------------------------------------------------------------------

Total CPU Time: 0 secs 
Total REAL Time: 0 secs 
Peak Memory Usage: 68 MB


tmcheck -par "Semafor_complet_impl1.par" 

bitgen -f "Semafor_complet_impl1.t2b" -w "Semafor_complet_impl1.ncd"  -jedec "Semafor_complet_impl1.prf"


BITGEN: Bitstream Generator Diamond (64-bit) 3.13.0.56.2
Copyright (c) 1991-1994 by NeoCAD Inc. All rights reserved.
Copyright (c) 1995 AT&T Corp.   All rights reserved.
Copyright (c) 1995-2001 Lucent Technologies Inc.  All rights reserved.
Copyright (c) 2001 Agere Systems   All rights reserved.
Copyright (c) 2002-2023 Lattice Semiconductor Corporation,  All rights reserved.


Loading design for application Bitgen from file Semafor_complet_impl1.ncd.
Design name: semaforFPGA
NCD version: 3.3
Vendor:      LATTICE
Device:      LCMXO3LF-6900C
Package:     CABGA256
Performance: 6
Loading device for application Bitgen from file 'xo3c6900.nph' in environment: C:/lscc/diamond/3.13/ispfpga.
Package Status:                     Final          Version 1.17.
Performance Hardware Data Status:   Final          Version 37.5.

Running DRC.
DRC detected 0 errors and 0 warnings.
Reading Preference File from Semafor_complet_impl1.prf.
    <postMsg mid="1009992" type="Info"    dynamic="1" navigation="0" arg0=" SW_XO3D_SECURITY_ENCRYPTION *NOT* controlled by xo3c00f.acd ###"  />
    <postMsg mid="1009992" type="Info"    dynamic="1" navigation="0" arg0=" SW_XO3D_SECURITY_ENCRYPTION license_securityIP OK"  />

Preference Summary:
+---------------------------------+---------------------------------+
|  Preference                     |  Current Setting                |
+---------------------------------+---------------------------------+
|                         RamCfg  |                        Reset**  |
+---------------------------------+---------------------------------+
|                     MCCLK_FREQ  |                         2.08**  |
+---------------------------------+---------------------------------+
|                  CONFIG_SECURE  |                          OFF**  |
+---------------------------------+---------------------------------+
|                          INBUF  |                           ON**  |
+---------------------------------+---------------------------------+
|                      JTAG_PORT  |                       ENABLE**  |
+---------------------------------+---------------------------------+
|                       SDM_PORT  |                      DISABLE**  |
+---------------------------------+---------------------------------+
|                 SLAVE_SPI_PORT  |                      DISABLE**  |
+---------------------------------+---------------------------------+
|                MASTER_SPI_PORT  |                      DISABLE**  |
+---------------------------------+---------------------------------+
|                       I2C_PORT  |                      DISABLE**  |
+---------------------------------+---------------------------------+
|        MUX_CONFIGURATION_PORTS  |                      DISABLE**  |
+---------------------------------+---------------------------------+
|                  CONFIGURATION  |                          CFG**  |
+---------------------------------+---------------------------------+
|                COMPRESS_CONFIG  |                           ON**  |
+---------------------------------+---------------------------------+
|                        MY_ASSP  |                          OFF**  |
+---------------------------------+---------------------------------+
|               ONE_TIME_PROGRAM  |                          OFF**  |
+---------------------------------+---------------------------------+
|                 ENABLE_TRANSFR  |                      DISABLE**  |
+---------------------------------+---------------------------------+
|                  SHAREDEBRINIT  |                      DISABLE**  |
+---------------------------------+---------------------------------+
|            BACKGROUND_RECONFIG  |                          OFF**  |
+---------------------------------+---------------------------------+
|                 DUALBOOTGOLDEN  |                     INTERNAL**  |
+---------------------------------+---------------------------------+
 *  Default setting.
 ** The specified setting matches the default setting.


Creating bit map...
 
Bitstream Status: Final           Version 1.95.
 
Saving bit stream in "Semafor_complet_impl1.jed".
 
===========
UFM Summary.
===========
UFM Size:        2046 Pages (128*2046 Bits).
UFM Utilization: General Purpose Flash Memory.
 
Available General Purpose Flash Memory: 2046 Pages (Page 0 to Page 2045).
Initialized UFM Pages:                     0 Page.
 
=========
Padding summary
=========
Padded 1234688 bits for this design


Total CPU Time: 1 secs 
Total REAL Time: 0 secs 
Peak Memory Usage: 292 MB
