--------------------------------------------------------------------------------
Lattice Synthesis Timing Report, Version  
Wed Jan 15 18:48:01 2025

Copyright (c) 1991-1994 by NeoCAD Inc. All rights reserved.
Copyright (c) 1995 AT&T Corp.   All rights reserved.
Copyright (c) 1995-2001 Lucent Technologies Inc.  All rights reserved.
Copyright (c) 2001 Agere Systems   All rights reserved.
Copyright (c) 2002-2023 Lattice Semiconductor Corporation,  All rights reserved.

Report Information
------------------
Design:     semaforFPGA
Constraint file:  
Report level:    verbose report, limited to 3 items per constraint
--------------------------------------------------------------------------------



================================================================================
Constraint: create_clock -period 5.000000 -name clk1 [get_nets clk_c]
            912 items scored, 344 timing errors detected.
--------------------------------------------------------------------------------


Error:  The following path violates requirements by 1.452ns

 Logical Details:  Cell type  Pin type       Cell name  (clock net +/-)

   Source:         FD1S3IX    CK             numar_102__i8  (from clk_c +)
   Destination:    FD1S3IX    CD             numar_102__i2  (to clk_c +)

   Delay:                   6.319ns  (31.6% logic, 68.4% route), 5 logic levels.

 Constraint Details:

      6.319ns data_path numar_102__i8 to numar_102__i2 violates
      5.000ns delay constraint less
      0.133ns L_S requirement (totaling 4.867ns) by 1.452ns

 Path Details: numar_102__i8 to numar_102__i2

   Name    Fanout   Delay (ns)          Pins               Resource(Cell.Net)
L_CO        ---     0.367             CK to Q              numar_102__i8 (from clk_c)
Route         3   e 0.919                                  numar_c_7
LUT4        ---     0.408              B to Z              i5_4_lut
Route         1   e 0.660                                  n13
LUT4        ---     0.408              B to Z              i9_4_lut
Route         1   e 0.660                                  n26
LUT4        ---     0.408              C to Z              i507_4_lut
Route         2   e 0.798                                  n662
LUT4        ---     0.408              B to Z              i508_3_lut_rep_12
Route        24   e 1.283                                  n697
                  --------
                    6.319  (31.6% logic, 68.4% route), 5 logic levels.


Error:  The following path violates requirements by 1.452ns

 Logical Details:  Cell type  Pin type       Cell name  (clock net +/-)

   Source:         FD1S3IX    CK             numar_102__i8  (from clk_c +)
   Destination:    FD1S3IX    CD             numar_102__i3  (to clk_c +)

   Delay:                   6.319ns  (31.6% logic, 68.4% route), 5 logic levels.

 Constraint Details:

      6.319ns data_path numar_102__i8 to numar_102__i3 violates
      5.000ns delay constraint less
      0.133ns L_S requirement (totaling 4.867ns) by 1.452ns

 Path Details: numar_102__i8 to numar_102__i3

   Name    Fanout   Delay (ns)          Pins               Resource(Cell.Net)
L_CO        ---     0.367             CK to Q              numar_102__i8 (from clk_c)
Route         3   e 0.919                                  numar_c_7
LUT4        ---     0.408              B to Z              i5_4_lut
Route         1   e 0.660                                  n13
LUT4        ---     0.408              B to Z              i9_4_lut
Route         1   e 0.660                                  n26
LUT4        ---     0.408              C to Z              i507_4_lut
Route         2   e 0.798                                  n662
LUT4        ---     0.408              B to Z              i508_3_lut_rep_12
Route        24   e 1.283                                  n697
                  --------
                    6.319  (31.6% logic, 68.4% route), 5 logic levels.


Error:  The following path violates requirements by 1.452ns

 Logical Details:  Cell type  Pin type       Cell name  (clock net +/-)

   Source:         FD1S3IX    CK             numar_102__i8  (from clk_c +)
   Destination:    FD1S3IX    CD             numar_102__i4  (to clk_c +)

   Delay:                   6.319ns  (31.6% logic, 68.4% route), 5 logic levels.

 Constraint Details:

      6.319ns data_path numar_102__i8 to numar_102__i4 violates
      5.000ns delay constraint less
      0.133ns L_S requirement (totaling 4.867ns) by 1.452ns

 Path Details: numar_102__i8 to numar_102__i4

   Name    Fanout   Delay (ns)          Pins               Resource(Cell.Net)
L_CO        ---     0.367             CK to Q              numar_102__i8 (from clk_c)
Route         3   e 0.919                                  numar_c_7
LUT4        ---     0.408              B to Z              i5_4_lut
Route         1   e 0.660                                  n13
LUT4        ---     0.408              B to Z              i9_4_lut
Route         1   e 0.660                                  n26
LUT4        ---     0.408              C to Z              i507_4_lut
Route         2   e 0.798                                  n662
LUT4        ---     0.408              B to Z              i508_3_lut_rep_12
Route        24   e 1.283                                  n697
                  --------
                    6.319  (31.6% logic, 68.4% route), 5 logic levels.

Warning: 6.452 ns is the maximum delay for this constraint.



================================================================================
Constraint: create_clock -period 5.000000 -name clk0 [get_nets puls_c]
            890 items scored, 661 timing errors detected.
--------------------------------------------------------------------------------


Error:  The following path violates requirements by 2.957ns

 Logical Details:  Cell type  Pin type       Cell name  (clock net +/-)

   Source:         FD1S3IX    CK             timp_buton__i1  (from puls_c +)
   Destination:    FD1P3IX    SP             rosu_pietoni_68  (to puls_c -)

   Delay:                   7.721ns  (31.2% logic, 68.8% route), 6 logic levels.

 Constraint Details:

      7.721ns data_path timp_buton__i1 to rosu_pietoni_68 violates
      5.000ns delay constraint less
      0.236ns LCE_S requirement (totaling 4.764ns) by 2.957ns

 Path Details: timp_buton__i1 to rosu_pietoni_68

   Name    Fanout   Delay (ns)          Pins               Resource(Cell.Net)
L_CO        ---     0.367             CK to Q              timp_buton__i1 (from puls_c)
Route         9   e 1.139                                  timp_buton_c_0
LUT4        ---     0.408              B to Z              i141_2_lut_rep_17_3_lut
Route         1   e 0.660                                  n702
LUT4        ---     0.408              B to Z              i160_3_lut_4_lut
Route         2   e 0.798                                  timp_5__N_75[5]
LUT4        ---     0.408              A to Z              i2_4_lut
Route         4   e 0.937                                  timp_5__N_74
LUT4        ---     0.408              C to Z              timp_5__I_2_2_lut_rep_7_3_lut
Route        10   e 1.120                                  puls_N_34_enable_10
LUT4        ---     0.408              C to Z              i267_2_lut_3_lut_3_lut_4_lut
Route         1   e 0.660                                  puls_N_34_enable_5
                  --------
                    7.721  (31.2% logic, 68.8% route), 6 logic levels.


Error:  The following path violates requirements by 2.957ns

 Logical Details:  Cell type  Pin type       Cell name  (clock net +/-)

   Source:         FD1S3IX    CK             timp_buton__i1  (from puls_c +)
   Destination:    FD1P3IX    SP             rosu_pietoni_68  (to puls_c -)

   Delay:                   7.721ns  (31.2% logic, 68.8% route), 6 logic levels.

 Constraint Details:

      7.721ns data_path timp_buton__i1 to rosu_pietoni_68 violates
      5.000ns delay constraint less
      0.236ns LCE_S requirement (totaling 4.764ns) by 2.957ns

 Path Details: timp_buton__i1 to rosu_pietoni_68

   Name    Fanout   Delay (ns)          Pins               Resource(Cell.Net)
L_CO        ---     0.367             CK to Q              timp_buton__i1 (from puls_c)
Route         9   e 1.139                                  timp_buton_c_0
LUT4        ---     0.408              B to Z              i134_2_lut_rep_21
Route         1   e 0.660                                  n706
LUT4        ---     0.408              B to Z              i153_2_lut_3_lut_4_lut
Route         2   e 0.798                                  timp_5__N_75[4]
LUT4        ---     0.408              B to Z              i2_4_lut
Route         4   e 0.937                                  timp_5__N_74
LUT4        ---     0.408              C to Z              timp_5__I_2_2_lut_rep_7_3_lut
Route        10   e 1.120                                  puls_N_34_enable_10
LUT4        ---     0.408              C to Z              i267_2_lut_3_lut_3_lut_4_lut
Route         1   e 0.660                                  puls_N_34_enable_5
                  --------
                    7.721  (31.2% logic, 68.8% route), 6 logic levels.


Error:  The following path violates requirements by 2.957ns

 Logical Details:  Cell type  Pin type       Cell name  (clock net +/-)

   Source:         FD1S3IX    CK             timp_buton__i1  (from puls_c +)
   Destination:    FD1P3IX    SP             verde_67  (to puls_c -)

   Delay:                   7.721ns  (31.2% logic, 68.8% route), 6 logic levels.

 Constraint Details:

      7.721ns data_path timp_buton__i1 to verde_67 violates
      5.000ns delay constraint less
      0.236ns LCE_S requirement (totaling 4.764ns) by 2.957ns

 Path Details: timp_buton__i1 to verde_67

   Name    Fanout   Delay (ns)          Pins               Resource(Cell.Net)
L_CO        ---     0.367             CK to Q              timp_buton__i1 (from puls_c)
Route         9   e 1.139                                  timp_buton_c_0
LUT4        ---     0.408              B to Z              i134_2_lut_rep_21
Route         1   e 0.660                                  n706
LUT4        ---     0.408              B to Z              i153_2_lut_3_lut_4_lut
Route         2   e 0.798                                  timp_5__N_75[4]
LUT4        ---     0.408              B to Z              i2_4_lut
Route         4   e 0.937                                  timp_5__N_74
LUT4        ---     0.408              C to Z              timp_5__I_2_2_lut_rep_7_3_lut
Route        10   e 1.120                                  puls_N_34_enable_10
LUT4        ---     0.408              C to Z              i257_3_lut_4_lut_4_lut
Route         1   e 0.660                                  puls_N_34_enable_4
                  --------
                    7.721  (31.2% logic, 68.8% route), 6 logic levels.

Warning: 7.957 ns is the maximum delay for this constraint.


Timing Report Summary
--------------
--------------------------------------------------------------------------------
Constraint                              |   Constraint|       Actual|Levels
--------------------------------------------------------------------------------
                                        |             |             |
create_clock -period 5.000000 -name     |             |             |
clk1 [get_nets clk_c]                   |     5.000 ns|     6.452 ns|     5 *
                                        |             |             |
create_clock -period 5.000000 -name     |             |             |
clk0 [get_nets puls_c]                  |     5.000 ns|     7.957 ns|     6 *
                                        |             |             |
--------------------------------------------------------------------------------


2 constraints not met.

--------------------------------------------------------------------------------
Critical Nets                           |   Loads|  Errors| % of total
--------------------------------------------------------------------------------
timp_5__N_74                            |       4|     440|     43.78%
                                        |        |        |
n662                                    |       2|     344|     34.23%
                                        |        |        |
n697                                    |      24|     336|     33.43%
                                        |        |        |
n258                                    |      14|     280|     27.86%
                                        |        |        |
n26                                     |       1|     248|     24.68%
                                        |        |        |
puls_N_34_enable_10                     |      10|     170|     16.92%
                                        |        |        |
timp_5__N_75[5]                         |       2|     154|     15.32%
                                        |        |        |
timp_5__N_75[4]                         |       2|     130|     12.94%
                                        |        |        |
n6_adj_1                                |       1|     104|     10.35%
                                        |        |        |
timp_buton_c_0                          |       9|     104|     10.35%
                                        |        |        |
timp_buton_c_2                          |       7|     104|     10.35%
                                        |        |        |
--------------------------------------------------------------------------------


Timing summary:
---------------

Timing errors: 1005  Score: 1007211

Constraints cover  1802 paths, 123 nets, and 332 connections (87.4% coverage)


Peak memory: 63299584 bytes, TRCE: 233472 bytes, DLYMAN: 0 bytes
CPU_TIME_REPORT: 0 secs 
